<?xml version="1.0" encoding="UTF-8"?>
<!-- Generated by org.testng.reporters.JUnitReportReporter -->
<testsuite hostname="LAPTOP-3H4JD8K1" failures="0" tests="1" name="Test_Classes1.Patch_TC01" time="1.472" errors="0" timestamp="2023-06-29T18:56:11 IST" skipped="0">
  <testcase classname="Test_Classes1.Patch_TC01" name="extractor" time="1.472"/>
  <system-out/>
</testsuite> <!-- Test_Classes1.Patch_TC01 -->
